
======================================================================
Analyzing FLASK with 2-CFA (obj_depth=2)
======================================================================

Project: Flask web framework
Path: /mnt/data_fast/code/PythonStAn/benchmark/projects/flask
Source: /mnt/data_fast/code/PythonStAn/benchmark/projects/flask/src/flask

Found 21 Python files to analyze

[1/21]   Analyzing: __init__.py... Generate CFG for __main__
Analyzing 2 scopes in module __main__
Setting up unified analysis for 2 scopes
Planned analysis for 2 functions
Initialized analysis with 1 contexts
Initial worklist size: constraints=7, calls=2
Analysis converged after 2 iterations
Statistics: {'objects_created': 7, 'constraints_processed': 7, 'calls_processed': 2}
Successfully analyzed scope: __main__
Successfully analyzed scope: __main__.__getattr__
✓
[2/21]   Analyzing: __main__.py... Generate CFG for __main__
Analyzing 1 scopes in module __main__
Setting up unified analysis for 1 scopes
Planned analysis for 1 functions
Initialized analysis with 1 contexts
Initial worklist size: constraints=1, calls=1
Analysis converged after 1 iterations
Statistics: {'objects_created': 0, 'constraints_processed': 1, 'calls_processed': 1}
Successfully analyzed scope: __main__
✓
[3/21]   Analyzing: app.py... Generate CFG for __main__
Analyzing 80 scopes in module __main__
Setting up unified analysis for 80 scopes
Planned analysis for 72 functions
Added class test.py:110:0:class with bases ['Scaffold']
Initialized analysis with 1 contexts
Initial worklist size: constraints=829, calls=277
Added call edge: [] --[test.py:351:51:call#0]--> [test.py:351:51:call#0]:__main__._make_timedelta
Added call edge: [] --[test.py:1880:4:call#0]--> [test.py:1880:4:call#0]:__main__.iscoroutinefunction
Analysis converged after 2 iterations
Statistics: {'objects_created': 328, 'constraints_processed': 842, 'calls_processed': 282}
Successfully analyzed scope: __main__
Successfully analyzed scope: __main__.iscoroutinefunction
Successfully analyzed scope: __main__._make_timedelta
Successfully analyzed scope: __main__.Flask
Successfully analyzed scope: __main__.Flask.session_cookie_name
Successfully analyzed scope: __main__.Flask.session_cookie_name
Successfully analyzed scope: __main__.Flask.send_file_max_age_default
Successfully analyzed scope: __main__.Flask.send_file_max_age_default
Successfully analyzed scope: __main__.Flask.use_x_sendfile
Successfully analyzed scope: __main__.Flask.use_x_sendfile
Successfully analyzed scope: __main__.Flask.json_encoder
Successfully analyzed scope: __main__.Flask.json_encoder
Successfully analyzed scope: __main__.Flask.json_decoder
Successfully analyzed scope: __main__.Flask.json_decoder
Successfully analyzed scope: __main__.Flask.__init__
Successfully analyzed scope: __main__.Flask._check_setup_finished
Successfully analyzed scope: __main__.Flask.name
Successfully analyzed scope: __main__.Flask.propagate_exceptions
Successfully analyzed scope: __main__.Flask.logger
Successfully analyzed scope: __main__.Flask.jinja_env
Successfully analyzed scope: __main__.Flask.got_first_request
Successfully analyzed scope: __main__.Flask.make_config
Successfully analyzed scope: __main__.Flask.make_aborter
Successfully analyzed scope: __main__.Flask.auto_find_instance_path
Successfully analyzed scope: __main__.Flask.open_instance_resource
Successfully analyzed scope: __main__.Flask.templates_auto_reload
Successfully analyzed scope: __main__.Flask.templates_auto_reload
Successfully analyzed scope: __main__.Flask.create_jinja_environment
Successfully analyzed scope: __main__.Flask.create_global_jinja_loader
Successfully analyzed scope: __main__.Flask.select_jinja_autoescape
Successfully analyzed scope: __main__.Flask.update_template_context
Successfully analyzed scope: __main__.Flask.make_shell_context
Successfully analyzed scope: __main__.Flask.env
Successfully analyzed scope: __main__.Flask.env
Successfully analyzed scope: __main__.Flask.debug
Successfully analyzed scope: __main__.Flask.debug
Successfully analyzed scope: __main__.Flask.run
Successfully analyzed scope: __main__.Flask.test_client
Successfully analyzed scope: __main__.Flask.test_cli_runner
Successfully analyzed scope: __main__.Flask.register_blueprint
Successfully analyzed scope: __main__.Flask.iter_blueprints
Successfully analyzed scope: __main__.Flask.add_url_rule
Successfully analyzed scope: __main__.Flask.template_filter
Successfully analyzed scope: __main__.Flask.add_template_filter
Successfully analyzed scope: __main__.Flask.template_test
Successfully analyzed scope: __main__.Flask.add_template_test
Successfully analyzed scope: __main__.Flask.template_global
Successfully analyzed scope: __main__.Flask.add_template_global
Successfully analyzed scope: __main__.Flask.before_first_request
Successfully analyzed scope: __main__.Flask.teardown_appcontext
Successfully analyzed scope: __main__.Flask.shell_context_processor
Successfully analyzed scope: __main__.Flask._find_error_handler
Successfully analyzed scope: __main__.Flask.handle_http_exception
Successfully analyzed scope: __main__.Flask.trap_http_exception
Successfully analyzed scope: __main__.Flask.handle_user_exception
Successfully analyzed scope: __main__.Flask.handle_exception
Successfully analyzed scope: __main__.Flask.log_exception
Successfully analyzed scope: __main__.Flask.raise_routing_exception
Successfully analyzed scope: __main__.Flask.dispatch_request
Successfully analyzed scope: __main__.Flask.full_dispatch_request
Successfully analyzed scope: __main__.Flask.finalize_request
Successfully analyzed scope: __main__.Flask.make_default_options_response
Successfully analyzed scope: __main__.Flask.should_ignore_error
Successfully analyzed scope: __main__.Flask.ensure_sync
Successfully analyzed scope: __main__.Flask.async_to_sync
Successfully analyzed scope: __main__.Flask.url_for
Successfully analyzed scope: __main__.Flask.redirect
Successfully analyzed scope: __main__.Flask.make_response
Successfully analyzed scope: __main__.Flask.create_url_adapter
Successfully analyzed scope: __main__.Flask.inject_url_defaults
Successfully analyzed scope: __main__.Flask.handle_url_build_error
Successfully analyzed scope: __main__.Flask.preprocess_request
Successfully analyzed scope: __main__.Flask.process_response
Successfully analyzed scope: __main__.Flask.do_teardown_request
Successfully analyzed scope: __main__.Flask.do_teardown_appcontext
Successfully analyzed scope: __main__.Flask.app_context
Successfully analyzed scope: __main__.Flask.request_context
Successfully analyzed scope: __main__.Flask.test_request_context
Successfully analyzed scope: __main__.Flask.wsgi_app
Successfully analyzed scope: __main__.Flask.__call__
✓
[4/21]   Analyzing: blueprints.py... Generate CFG for __main__
Analyzing 31 scopes in module __main__
Setting up unified analysis for 31 scopes
Planned analysis for 29 functions
Added class test.py:36:0:class with bases []
Added class test.py:121:0:class with bases ['Scaffold']
Initialized analysis with 1 contexts
Initial worklist size: constraints=371, calls=99
Added call edge: [] --[test.py:323:4:call#0]--> [test.py:323:4:call#0]:__main__.BlueprintSetupState
Analysis converged after 2 iterations
Statistics: {'objects_created': 139, 'constraints_processed': 371, 'calls_processed': 99}
Successfully analyzed scope: __main__
Successfully analyzed scope: __main__.BlueprintSetupState
Successfully analyzed scope: __main__.Blueprint
Successfully analyzed scope: __main__.BlueprintSetupState.__init__
Successfully analyzed scope: __main__.BlueprintSetupState.add_url_rule
Successfully analyzed scope: __main__.Blueprint.json_encoder
Successfully analyzed scope: __main__.Blueprint.json_encoder
Successfully analyzed scope: __main__.Blueprint.json_decoder
Successfully analyzed scope: __main__.Blueprint.json_decoder
Successfully analyzed scope: __main__.Blueprint.__init__
Successfully analyzed scope: __main__.Blueprint._check_setup_finished
Successfully analyzed scope: __main__.Blueprint.record
Successfully analyzed scope: __main__.Blueprint.record_once
Successfully analyzed scope: __main__.Blueprint.make_setup_state
Successfully analyzed scope: __main__.Blueprint.register_blueprint
Successfully analyzed scope: __main__.Blueprint.register
Successfully analyzed scope: __main__.Blueprint.add_url_rule
Successfully analyzed scope: __main__.Blueprint.app_template_filter
Successfully analyzed scope: __main__.Blueprint.add_app_template_filter
Successfully analyzed scope: __main__.Blueprint.app_template_test
Successfully analyzed scope: __main__.Blueprint.add_app_template_test
Successfully analyzed scope: __main__.Blueprint.app_template_global
Successfully analyzed scope: __main__.Blueprint.add_app_template_global
Successfully analyzed scope: __main__.Blueprint.before_app_request
Successfully analyzed scope: __main__.Blueprint.before_app_first_request
Successfully analyzed scope: __main__.Blueprint.after_app_request
Successfully analyzed scope: __main__.Blueprint.teardown_app_request
Successfully analyzed scope: __main__.Blueprint.app_context_processor
Successfully analyzed scope: __main__.Blueprint.app_errorhandler
Successfully analyzed scope: __main__.Blueprint.app_url_value_preprocessor
Successfully analyzed scope: __main__.Blueprint.app_url_defaults
✓
[5/21]   Analyzing: cli.py... Generate CFG for __main__
Analyzing 45 scopes in module __main__
Setting up unified analysis for 45 scopes
Planned analysis for 45 functions
Added class test.py:28:0:class with bases ['click.UsageError']
Added class test.py:266:0:class with bases []
Added class test.py:362:0:class with bases ['click.Group']
Added class test.py:481:0:class with bases ['test.py:362:0:class']
Added class test.py:729:0:class with bases ['click.ParamType']
Added class test.py:812:0:class with bases ['click.Path']
Initialized analysis with 1 contexts
Initial worklist size: constraints=679, calls=243
Added call edge: [] --[test.py:1037:6:call#0]--> [test.py:1037:6:call#0]:__main__.FlaskGroup
Added call edge: [] --[test.py:1053:0:call#0]--> [test.py:1053:0:call#0]:__main__.main
Added call edge: [] --[test.py:67:12:call#0]--> [test.py:67:12:call#0]:__main__._called_with_wrong_args
Added call edge: [] --[test.py:166:8:call#0]--> [test.py:166:8:call#0]:__main__._called_with_wrong_args
Added call edge: [] --[test.py:234:4:call#0]--> [test.py:234:4:call#0]:__main__.find_best_app
Added call edge: [] --[test.py:234:4:call#0]--> [test.py:234:4:call#0]:__main__.find_app_by_string
Added call edge: [] --[test.py:446:0:call#0]--> [test.py:446:0:call#0]:__main__.load_dotenv
Added call edge: [] --[test.py:877:0:call#0]--> [test.py:877:0:call#0]:__main__.show_server_banner
Added call edge: [] --[test.py:1001:0:call#0]--> [test.py:1001:0:call#0]:__main__.routes_command.$func_1
Added call edge: [] --[test.py:1001:0:call#0]--> [test.py:1001:0:call#0]:__main__.routes_command.$func_2
Added call edge: [] --[test.py:1001:0:call#0]--> [test.py:1001:0:call#0]:__main__.routes_command.$func_3
Added call edge: [] --[test.py:1001:0:call#0]--> [test.py:1001:0:call#0]:__main__.routes_command.$func_4
Added call edge: [] --[test.py:307:30:call#0]--> [test.py:307:30:call#0]:__main__.prepare_import
Added call edge: [] --[test.py:308:22:call#0]--> [test.py:308:22:call#0]:__main__.locate_app
Added call edge: [] --[test.py:311:34:call#0]--> [test.py:311:34:call#0]:__main__.prepare_import
Added call edge: [] --[test.py:312:26:call#0]--> [test.py:312:26:call#0]:__main__.locate_app
Added call edge: [] --[test.py:626:8:call#0]--> [test.py:626:8:call#0]:__main__.load_dotenv
Added call edge: [] --[test.py:630:27:call#0]--> [test.py:630:27:call#0]:__main__.ScriptInfo
Added call edge: [] --[test.py:67:12:call#0]--> [test.py:67:12:call#0]:__main__._called_with_wrong_args
Added call edge: [] --[test.py:166:8:call#0]--> [test.py:166:8:call#0]:__main__._called_with_wrong_args
Added call edge: [] --[test.py:234:4:call#0]--> [test.py:234:4:call#0]:__main__.find_best_app
Added call edge: [] --[test.py:234:4:call#0]--> [test.py:234:4:call#0]:__main__.find_app_by_string
Added call edge: [] --[test.py:234:4:call#0]--> [test.py:234:4:call#0]:__main__.find_best_app
Added call edge: [] --[test.py:234:4:call#0]--> [test.py:234:4:call#0]:__main__.find_app_by_string
Analysis converged after 2 iterations
Statistics: {'objects_created': 231, 'constraints_processed': 1014, 'calls_processed': 353}
Successfully analyzed scope: __main__
Successfully analyzed scope: __main__.NoAppException
Successfully analyzed scope: __main__.find_best_app
Successfully analyzed scope: __main__._called_with_wrong_args
Successfully analyzed scope: __main__.find_app_by_string
Successfully analyzed scope: __main__.prepare_import
Successfully analyzed scope: __main__.locate_app
Successfully analyzed scope: __main__.get_version
Successfully analyzed scope: __main__.ScriptInfo
Successfully analyzed scope: __main__.with_appcontext
Successfully analyzed scope: __main__.AppGroup
Successfully analyzed scope: __main__._set_app
Successfully analyzed scope: __main__._set_debug
Successfully analyzed scope: __main__._env_file_callback
Successfully analyzed scope: __main__.FlaskGroup
Successfully analyzed scope: __main__._path_is_ancestor
Successfully analyzed scope: __main__.load_dotenv
Successfully analyzed scope: __main__.show_server_banner
Successfully analyzed scope: __main__.CertParamType
Successfully analyzed scope: __main__._validate_key
Successfully analyzed scope: __main__.SeparatedPathType
Successfully analyzed scope: __main__.run_command
Successfully analyzed scope: __main__.shell_command
Successfully analyzed scope: __main__.routes_command
Successfully analyzed scope: __main__.main
Successfully analyzed scope: __main__.ScriptInfo.__init__
Successfully analyzed scope: __main__.ScriptInfo.load_app
Successfully analyzed scope: __main__.with_appcontext.decorator
Successfully analyzed scope: __main__.AppGroup.command
Successfully analyzed scope: __main__.AppGroup.group
Successfully analyzed scope: __main__.FlaskGroup.__init__
Successfully analyzed scope: __main__.FlaskGroup._load_plugin_commands
Successfully analyzed scope: __main__.FlaskGroup.get_command
Successfully analyzed scope: __main__.FlaskGroup.list_commands
Successfully analyzed scope: __main__.FlaskGroup.make_context
Successfully analyzed scope: __main__.FlaskGroup.parse_args
Successfully analyzed scope: __main__.CertParamType.__init__
Successfully analyzed scope: __main__.CertParamType.convert
Successfully analyzed scope: __main__.SeparatedPathType.convert
Successfully analyzed scope: __main__.run_command.app
Successfully analyzed scope: __main__.routes_command.$func_0
Successfully analyzed scope: __main__.routes_command.$func_1
Successfully analyzed scope: __main__.routes_command.$func_2
Successfully analyzed scope: __main__.routes_command.$func_3
Successfully analyzed scope: __main__.routes_command.$func_4
✓
[6/21]   Analyzing: config.py... Generate CFG for __main__
Analyzing 15 scopes in module __main__
Setting up unified analysis for 15 scopes
Planned analysis for 15 functions
Added class test.py:10:0:class with bases []
Added class test.py:29:0:class with bases ['dict']
Initialized analysis with 1 contexts
Initial worklist size: constraints=127, calls=45
Analysis converged after 2 iterations
Statistics: {'objects_created': 48, 'constraints_processed': 127, 'calls_processed': 45}
Successfully analyzed scope: __main__
Successfully analyzed scope: __main__.ConfigAttribute
Successfully analyzed scope: __main__.Config
Successfully analyzed scope: __main__.ConfigAttribute.__init__
Successfully analyzed scope: __main__.ConfigAttribute.__get__
Successfully analyzed scope: __main__.ConfigAttribute.__set__
Successfully analyzed scope: __main__.Config.__init__
Successfully analyzed scope: __main__.Config.from_envvar
Successfully analyzed scope: __main__.Config.from_prefixed_env
Successfully analyzed scope: __main__.Config.from_pyfile
Successfully analyzed scope: __main__.Config.from_object
Successfully analyzed scope: __main__.Config.from_file
Successfully analyzed scope: __main__.Config.from_mapping
Successfully analyzed scope: __main__.Config.get_namespace
Successfully analyzed scope: __main__.Config.__repr__
✓
[7/21]   Analyzing: ctx.py... Generate CFG for __main__
Analyzing 31 scopes in module __main__
Setting up unified analysis for 31 scopes
Planned analysis for 31 functions
Added class test.py:25:0:class with bases []
Added class test.py:229:0:class with bases []
Added class test.py:278:0:class with bases []
Initialized analysis with 1 contexts
Initial worklist size: constraints=229, calls=55
Analysis converged after 2 iterations
Statistics: {'objects_created': 70, 'constraints_processed': 229, 'calls_processed': 55}
Successfully analyzed scope: __main__
Successfully analyzed scope: __main__._AppCtxGlobals
Successfully analyzed scope: __main__.after_this_request
Successfully analyzed scope: __main__.copy_current_request_context
Successfully analyzed scope: __main__.has_request_context
Successfully analyzed scope: __main__.has_app_context
Successfully analyzed scope: __main__.AppContext
Successfully analyzed scope: __main__.RequestContext
Successfully analyzed scope: __main__._AppCtxGlobals.__getattr__
Successfully analyzed scope: __main__._AppCtxGlobals.__setattr__
Successfully analyzed scope: __main__._AppCtxGlobals.__delattr__
Successfully analyzed scope: __main__._AppCtxGlobals.get
Successfully analyzed scope: __main__._AppCtxGlobals.pop
Successfully analyzed scope: __main__._AppCtxGlobals.setdefault
Successfully analyzed scope: __main__._AppCtxGlobals.__contains__
Successfully analyzed scope: __main__._AppCtxGlobals.__iter__
Successfully analyzed scope: __main__._AppCtxGlobals.__repr__
Successfully analyzed scope: __main__.copy_current_request_context.wrapper
Successfully analyzed scope: __main__.AppContext.__init__
Successfully analyzed scope: __main__.AppContext.push
Successfully analyzed scope: __main__.AppContext.pop
Successfully analyzed scope: __main__.AppContext.__enter__
Successfully analyzed scope: __main__.AppContext.__exit__
Successfully analyzed scope: __main__.RequestContext.__init__
Successfully analyzed scope: __main__.RequestContext.copy
Successfully analyzed scope: __main__.RequestContext.match_request
Successfully analyzed scope: __main__.RequestContext.push
Successfully analyzed scope: __main__.RequestContext.pop
Successfully analyzed scope: __main__.RequestContext.__enter__
Successfully analyzed scope: __main__.RequestContext.__exit__
Successfully analyzed scope: __main__.RequestContext.__repr__
✓
[8/21]   Analyzing: debughelpers.py... Generate CFG for __main__
Analyzing 12 scopes in module __main__
Setting up unified analysis for 12 scopes
Planned analysis for 12 functions
Added class test.py:8:0:class with bases ['AssertionError', 'UnicodeError']
Added class test.py:14:0:class with bases ['KeyError', 'AssertionError']
Added class test.py:41:0:class with bases ['AssertionError']
Added class test.py:80:4:class with bases ['oldcls']
Initialized analysis with 1 contexts
Initial worklist size: constraints=145, calls=50
Added call edge: [] --[test.py:102:8:call#0]--> [test.py:102:8:call#0]:__main__._dump_loader_info.$func_1
Added call edge: [] --[test.py:122:4:call#0]--> [test.py:122:4:call#0]:__main__._dump_loader_info
Added call edge: [] --[test.py:102:8:call#0]--> [test.py:102:8:call#0]:__main__._dump_loader_info.$func_1
Analysis converged after 2 iterations
Statistics: {'objects_created': 68, 'constraints_processed': 196, 'calls_processed': 68}
Successfully analyzed scope: __main__
Successfully analyzed scope: __main__.UnexpectedUnicodeError
Successfully analyzed scope: __main__.DebugFilesKeyError
Successfully analyzed scope: __main__.FormDataRoutingRedirect
Successfully analyzed scope: __main__.attach_enctype_error_multidict
Successfully analyzed scope: __main__._dump_loader_info
Successfully analyzed scope: __main__.explain_template_loading_attempts
Successfully analyzed scope: __main__.DebugFilesKeyError.__init__
Successfully analyzed scope: __main__.DebugFilesKeyError.__str__
Successfully analyzed scope: __main__.FormDataRoutingRedirect.__init__
Successfully analyzed scope: __main__.attach_enctype_error_multidict.newcls
Successfully analyzed scope: __main__._dump_loader_info.$func_1
✓
[9/21]   Analyzing: globals.py... Generate CFG for __main__
Analyzing 8 scopes in module __main__
Setting up unified analysis for 8 scopes
Planned analysis for 8 functions
Added class test.py:15:0:class with bases []
Initialized analysis with 1 contexts
Initial worklist size: constraints=43, calls=20
Added call edge: [] --[test.py:55:18:call#0]--> [test.py:55:18:call#0]:__main__._FakeStack
Added call edge: [] --[test.py:74:22:call#0]--> [test.py:74:22:call#0]:__main__._FakeStack
Analysis converged after 2 iterations
Statistics: {'objects_created': 35, 'constraints_processed': 43, 'calls_processed': 20}
Successfully analyzed scope: __main__
Successfully analyzed scope: __main__._FakeStack
Successfully analyzed scope: __main__.__getattr__
Successfully analyzed scope: __main__._FakeStack.__init__
Successfully analyzed scope: __main__._FakeStack._warn
Successfully analyzed scope: __main__._FakeStack.push
Successfully analyzed scope: __main__._FakeStack.pop
Successfully analyzed scope: __main__._FakeStack.top
✓
[10/21]   Analyzing: helpers.py... Generate CFG for __main__
Analyzing 26 scopes in module __main__
Setting up unified analysis for 26 scopes
Planned analysis for 26 functions
Added class test.py:644:0:class with bases ['werkzeug.utils.cached_property']
Initialized analysis with 1 contexts
Initial worklist size: constraints=190, calls=63
Added call edge: [] --[test.py:158:16:call#0]--> [test.py:158:16:call#0]:__main__.stream_with_context.generator
Added call edge: [] --[test.py:424:0:call#0]--> [test.py:424:0:call#0]:__main__._prepare_send_file_kwargs
Added call edge: [] --[test.py:552:0:call#0]--> [test.py:552:0:call#0]:__main__._prepare_send_file_kwargs
Added call edge: [] --[test.py:702:4:call#0]--> [test.py:702:4:call#0]:__main__._split_blueprint_path
Added call edge: [] --[test.py:126:8:call#0]--> [test.py:126:8:call#0]:__main__.stream_with_context
Added call edge: [] --[test.py:702:4:call#0]--> [test.py:702:4:call#0]:__main__._split_blueprint_path
Added call edge: [] --[test.py:158:16:call#0]--> [test.py:158:16:call#0]:__main__.stream_with_context.generator
Analysis converged after 2 iterations
Statistics: {'objects_created': 80, 'constraints_processed': 234, 'calls_processed': 75}
Successfully analyzed scope: __main__
Successfully analyzed scope: __main__.get_env
Successfully analyzed scope: __main__.get_debug_flag
Successfully analyzed scope: __main__.get_load_dotenv
Successfully analyzed scope: __main__.stream_with_context
Successfully analyzed scope: __main__.make_response
Successfully analyzed scope: __main__.url_for
Successfully analyzed scope: __main__.redirect
Successfully analyzed scope: __main__.abort
Successfully analyzed scope: __main__.get_template_attribute
Successfully analyzed scope: __main__.flash
Successfully analyzed scope: __main__.get_flashed_messages
Successfully analyzed scope: __main__._prepare_send_file_kwargs
Successfully analyzed scope: __main__.send_file
Successfully analyzed scope: __main__.send_from_directory
Successfully analyzed scope: __main__.get_root_path
Successfully analyzed scope: __main__.locked_cached_property
Successfully analyzed scope: __main__.is_ip
Successfully analyzed scope: __main__._split_blueprint_path
Successfully analyzed scope: __main__.stream_with_context.decorator
Successfully analyzed scope: __main__.stream_with_context.generator
Successfully analyzed scope: __main__.get_flashed_messages.$func_0
Successfully analyzed scope: __main__.locked_cached_property.__init__
Successfully analyzed scope: __main__.locked_cached_property.__get__
Successfully analyzed scope: __main__.locked_cached_property.__set__
Successfully analyzed scope: __main__.locked_cached_property.__delete__
✓
[11/21]   Analyzing: __init__.py... Generate CFG for __main__
Analyzing 13 scopes in module __main__
Setting up unified analysis for 13 scopes
Planned analysis for 13 functions
Added class test.py:16:0:class with bases ['_json.JSONEncoder']
Added class test.py:58:0:class with bases ['_json.JSONDecoder']
Initialized analysis with 1 contexts
Initial worklist size: constraints=65, calls=27
Added call edge: [] --[test.py:291:0:call#0]--> [test.py:291:0:call#0]:__main__.htmlsafe_dumps
Analysis converged after 2 iterations
Statistics: {'objects_created': 34, 'constraints_processed': 68, 'calls_processed': 29}
Successfully analyzed scope: __main__
Successfully analyzed scope: __main__.JSONEncoder
Successfully analyzed scope: __main__.JSONDecoder
Successfully analyzed scope: __main__.dumps
Successfully analyzed scope: __main__.dump
Successfully analyzed scope: __main__.loads
Successfully analyzed scope: __main__.load
Successfully analyzed scope: __main__.htmlsafe_dumps
Successfully analyzed scope: __main__.htmlsafe_dump
Successfully analyzed scope: __main__.jsonify
Successfully analyzed scope: __main__.JSONEncoder.__init__
Successfully analyzed scope: __main__.JSONEncoder.default
Successfully analyzed scope: __main__.JSONDecoder.__init__
✓
[12/21]   Analyzing: provider.py... Generate CFG for __main__
Analyzing 14 scopes in module __main__
Setting up unified analysis for 14 scopes
Planned analysis for 14 functions
Added class test.py:20:0:class with bases []
Added class test.py:125:0:class with bases ['test.py:20:0:class']
Initialized analysis with 1 contexts
Initial worklist size: constraints=157, calls=40
Analysis converged after 2 iterations
Statistics: {'objects_created': 61, 'constraints_processed': 157, 'calls_processed': 40}
Successfully analyzed scope: __main__
Successfully analyzed scope: __main__.JSONProvider
Successfully analyzed scope: __main__._default
Successfully analyzed scope: __main__.DefaultJSONProvider
Successfully analyzed scope: __main__.JSONProvider.__init__
Successfully analyzed scope: __main__.JSONProvider.dumps
Successfully analyzed scope: __main__.JSONProvider.dump
Successfully analyzed scope: __main__.JSONProvider.loads
Successfully analyzed scope: __main__.JSONProvider.load
Successfully analyzed scope: __main__.JSONProvider._prepare_response_obj
Successfully analyzed scope: __main__.JSONProvider.response
Successfully analyzed scope: __main__.DefaultJSONProvider.dumps
Successfully analyzed scope: __main__.DefaultJSONProvider.loads
Successfully analyzed scope: __main__.DefaultJSONProvider.response
✓
[13/21]   Analyzing: tag.py... Generate CFG for __main__
Analyzing 44 scopes in module __main__
Setting up unified analysis for 44 scopes
Planned analysis for 44 functions
Added class test.py:57:0:class with bases []
Added class test.py:90:0:class with bases ['test.py:57:0:class']
Added class test.py:116:0:class with bases ['test.py:57:0:class']
Added class test.py:130:0:class with bases ['test.py:57:0:class']
Added class test.py:144:0:class with bases ['test.py:57:0:class']
Added class test.py:156:0:class with bases ['test.py:57:0:class']
Added class test.py:170:0:class with bases ['test.py:57:0:class']
Added class test.py:188:0:class with bases ['test.py:57:0:class']
Added class test.py:202:0:class with bases ['test.py:57:0:class']
Added class test.py:216:0:class with bases []
Initialized analysis with 1 contexts
Initial worklist size: constraints=160, calls=62
Added call edge: [] --[test.py:306:4:call#0]--> [test.py:306:4:call#0]:__main__.TaggedJSONSerializer.dumps
Added call edge: [] --[test.py:310:4:call#0]--> [test.py:310:4:call#0]:__main__.TaggedJSONSerializer.loads
Added call edge: [] --[test.py:306:4:call#0]--> [test.py:306:4:call#0]:__main__.TaggedJSONSerializer.dumps
Added call edge: [] --[test.py:310:4:call#0]--> [test.py:310:4:call#0]:__main__.TaggedJSONSerializer.loads
Analysis converged after 2 iterations
Statistics: {'objects_created': 105, 'constraints_processed': 166, 'calls_processed': 65}
Successfully analyzed scope: __main__
Successfully analyzed scope: __main__.JSONTag
Successfully analyzed scope: __main__.TagDict
Successfully analyzed scope: __main__.PassDict
Successfully analyzed scope: __main__.TagTuple
Successfully analyzed scope: __main__.PassList
Successfully analyzed scope: __main__.TagBytes
Successfully analyzed scope: __main__.TagMarkup
Successfully analyzed scope: __main__.TagUUID
Successfully analyzed scope: __main__.TagDateTime
Successfully analyzed scope: __main__.TaggedJSONSerializer
Successfully analyzed scope: __main__.JSONTag.__init__
Successfully analyzed scope: __main__.JSONTag.check
Successfully analyzed scope: __main__.JSONTag.to_json
Successfully analyzed scope: __main__.JSONTag.to_python
Successfully analyzed scope: __main__.JSONTag.tag
Successfully analyzed scope: __main__.TagDict.check
Successfully analyzed scope: __main__.TagDict.to_json
Successfully analyzed scope: __main__.TagDict.to_python
Successfully analyzed scope: __main__.PassDict.check
Successfully analyzed scope: __main__.PassDict.to_json
Successfully analyzed scope: __main__.TagTuple.check
Successfully analyzed scope: __main__.TagTuple.to_json
Successfully analyzed scope: __main__.TagTuple.to_python
Successfully analyzed scope: __main__.PassList.check
Successfully analyzed scope: __main__.PassList.to_json
Successfully analyzed scope: __main__.TagBytes.check
Successfully analyzed scope: __main__.TagBytes.to_json
Successfully analyzed scope: __main__.TagBytes.to_python
Successfully analyzed scope: __main__.TagMarkup.check
Successfully analyzed scope: __main__.TagMarkup.to_json
Successfully analyzed scope: __main__.TagMarkup.to_python
Successfully analyzed scope: __main__.TagUUID.check
Successfully analyzed scope: __main__.TagUUID.to_json
Successfully analyzed scope: __main__.TagUUID.to_python
Successfully analyzed scope: __main__.TagDateTime.check
Successfully analyzed scope: __main__.TagDateTime.to_json
Successfully analyzed scope: __main__.TagDateTime.to_python
Successfully analyzed scope: __main__.TaggedJSONSerializer.__init__
Successfully analyzed scope: __main__.TaggedJSONSerializer.register
Successfully analyzed scope: __main__.TaggedJSONSerializer.tag
Successfully analyzed scope: __main__.TaggedJSONSerializer.untag
Successfully analyzed scope: __main__.TaggedJSONSerializer.dumps
Successfully analyzed scope: __main__.TaggedJSONSerializer.loads
✓
[14/21]   Analyzing: logging.py... Generate CFG for __main__
Analyzing 5 scopes in module __main__
Setting up unified analysis for 5 scopes
Planned analysis for 5 functions
Initialized analysis with 1 contexts
Initial worklist size: constraints=53, calls=13
Added call edge: [] --[test.py:33:4:call#0]--> [test.py:33:4:call#0]:__main__.has_level_handler.$func_0
Added call edge: [] --[test.py:53:0:call#0]--> [test.py:53:0:call#0]:__main__.has_level_handler
Added call edge: [] --[test.py:33:4:call#0]--> [test.py:33:4:call#0]:__main__.has_level_handler.$func_0
Analysis converged after 2 iterations
Statistics: {'objects_created': 12, 'constraints_processed': 81, 'calls_processed': 19}
Successfully analyzed scope: __main__
Successfully analyzed scope: __main__.wsgi_errors_stream
Successfully analyzed scope: __main__.has_level_handler
Successfully analyzed scope: __main__.create_logger
Successfully analyzed scope: __main__.has_level_handler.$func_0
✓
[15/21]   Analyzing: scaffold.py... Generate CFG for __main__
Analyzing 40 scopes in module __main__
Setting up unified analysis for 40 scopes
Planned analysis for 38 functions
Added class test.py:55:0:class with bases []
Initialized analysis with 1 contexts
Initial worklist size: constraints=318, calls=103
Added call edge: [] --[test.py:855:16:call#0]--> [test.py:855:16:call#0]:__main__._find_package_path.$func_1
Added call edge: [] --[test.py:830:0:call#0]--> [test.py:830:0:call#0]:__main__._matching_loader_thinks_module_is_package
Added call edge: [] --[test.py:911:19:call#0]--> [test.py:911:19:call#0]:__main__._find_package_path
Added call edge: [] --[test.py:898:0:call#0]--> [test.py:898:0:call#0]:__main__._path_is_relative_to
Added call edge: [] --[test.py:855:35:call#0]--> [test.py:855:35:call#0]:__main__._path_is_relative_to
Added call edge: [] --[test.py:855:35:call#0]--> [test.py:855:35:call#0]:__main__._path_is_relative_to
Added call edge: [] --[test.py:855:16:call#0]--> [test.py:855:16:call#0]:__main__._find_package_path.$func_1
Added call edge: [] --[test.py:830:0:call#0]--> [test.py:830:0:call#0]:__main__._matching_loader_thinks_module_is_package
Analysis converged after 2 iterations
Statistics: {'objects_created': 148, 'constraints_processed': 404, 'calls_processed': 135}
Successfully analyzed scope: __main__
Successfully analyzed scope: __main__.setupmethod
Successfully analyzed scope: __main__.Scaffold
Successfully analyzed scope: __main__._endpoint_from_view_func
Successfully analyzed scope: __main__._matching_loader_thinks_module_is_package
Successfully analyzed scope: __main__._path_is_relative_to
Successfully analyzed scope: __main__._find_package_path
Successfully analyzed scope: __main__.find_package
Successfully analyzed scope: __main__.setupmethod.wrapper_func
Successfully analyzed scope: __main__.Scaffold.__init__
Successfully analyzed scope: __main__.Scaffold.__repr__
Successfully analyzed scope: __main__.Scaffold._check_setup_finished
Successfully analyzed scope: __main__.Scaffold.static_folder
Successfully analyzed scope: __main__.Scaffold.static_folder
Successfully analyzed scope: __main__.Scaffold.has_static_folder
Successfully analyzed scope: __main__.Scaffold.static_url_path
Successfully analyzed scope: __main__.Scaffold.static_url_path
Successfully analyzed scope: __main__.Scaffold.get_send_file_max_age
Successfully analyzed scope: __main__.Scaffold.send_static_file
Successfully analyzed scope: __main__.Scaffold.jinja_loader
Successfully analyzed scope: __main__.Scaffold.open_resource
Successfully analyzed scope: __main__.Scaffold._method_route
Successfully analyzed scope: __main__.Scaffold.get
Successfully analyzed scope: __main__.Scaffold.post
Successfully analyzed scope: __main__.Scaffold.put
Successfully analyzed scope: __main__.Scaffold.delete
Successfully analyzed scope: __main__.Scaffold.patch
Successfully analyzed scope: __main__.Scaffold.route
Successfully analyzed scope: __main__.Scaffold.add_url_rule
Successfully analyzed scope: __main__.Scaffold.endpoint
Successfully analyzed scope: __main__.Scaffold.before_request
Successfully analyzed scope: __main__.Scaffold.after_request
Successfully analyzed scope: __main__.Scaffold.teardown_request
Successfully analyzed scope: __main__.Scaffold.context_processor
Successfully analyzed scope: __main__.Scaffold.url_value_preprocessor
Successfully analyzed scope: __main__.Scaffold.url_defaults
Successfully analyzed scope: __main__.Scaffold.errorhandler
Successfully analyzed scope: __main__.Scaffold.register_error_handler
Successfully analyzed scope: __main__.Scaffold._get_exc_class_and_code
Successfully analyzed scope: __main__._find_package_path.$func_1
✓
[16/21]   Analyzing: sessions.py... Generate CFG for __main__
Analyzing 28 scopes in module __main__
Setting up unified analysis for 28 scopes
Planned analysis for 27 functions
Added class test.py:21:0:class with bases ['MutableMapping']
Added class test.py:49:0:class with bases ['CallbackDict', 'test.py:21:0:class']
Added class test.py:91:0:class with bases ['test.py:49:0:class']
Added class test.py:108:0:class with bases []
Added class test.py:326:0:class with bases ['test.py:108:0:class']
Initialized analysis with 1 contexts
Initial worklist size: constraints=177, calls=47
Analysis converged after 2 iterations
Statistics: {'objects_created': 75, 'constraints_processed': 177, 'calls_processed': 47}
Successfully analyzed scope: __main__
Successfully analyzed scope: __main__.SessionMixin
Successfully analyzed scope: __main__.SecureCookieSession
Successfully analyzed scope: __main__.NullSession
Successfully analyzed scope: __main__.SessionInterface
Successfully analyzed scope: __main__.SecureCookieSessionInterface
Successfully analyzed scope: __main__.SessionMixin.permanent
Successfully analyzed scope: __main__.SessionMixin.permanent
Successfully analyzed scope: __main__.SecureCookieSession.__init__
Successfully analyzed scope: __main__.SecureCookieSession.__getitem__
Successfully analyzed scope: __main__.SecureCookieSession.get
Successfully analyzed scope: __main__.SecureCookieSession.setdefault
Successfully analyzed scope: __main__.NullSession._fail
Successfully analyzed scope: __main__.SessionInterface.make_null_session
Successfully analyzed scope: __main__.SessionInterface.is_null_session
Successfully analyzed scope: __main__.SessionInterface.get_cookie_name
Successfully analyzed scope: __main__.SessionInterface.get_cookie_domain
Successfully analyzed scope: __main__.SessionInterface.get_cookie_path
Successfully analyzed scope: __main__.SessionInterface.get_cookie_httponly
Successfully analyzed scope: __main__.SessionInterface.get_cookie_secure
Successfully analyzed scope: __main__.SessionInterface.get_cookie_samesite
Successfully analyzed scope: __main__.SessionInterface.get_expiration_time
Successfully analyzed scope: __main__.SessionInterface.should_set_cookie
Successfully analyzed scope: __main__.SessionInterface.open_session
Successfully analyzed scope: __main__.SessionInterface.save_session
Successfully analyzed scope: __main__.SecureCookieSessionInterface.get_signing_serializer
Successfully analyzed scope: __main__.SecureCookieSessionInterface.open_session
Successfully analyzed scope: __main__.SecureCookieSessionInterface.save_session
✓
[17/21]   Analyzing: signals.py... Generate CFG for __main__
Analyzing 7 scopes in module __main__
Setting up unified analysis for 7 scopes
Planned analysis for 7 functions
Added class test.py:10:4:class with bases []
Added class test.py:14:4:class with bases []
Initialized analysis with 1 contexts
Initial worklist size: constraints=35, calls=12
Added call edge: [] --[test.py:42:11:call#0]--> [test.py:42:11:call#0]:__main__.Namespace
Added call edge: [] --[test.py:11:8:call#0]--> [test.py:11:8:call#0]:__main__._FakeSignal
Analysis converged after 2 iterations
Statistics: {'objects_created': 23, 'constraints_processed': 42, 'calls_processed': 12}
Successfully analyzed scope: __main__
Successfully analyzed scope: __main__.Namespace
Successfully analyzed scope: __main__._FakeSignal
Successfully analyzed scope: __main__.Namespace.signal
Successfully analyzed scope: __main__._FakeSignal.__init__
Successfully analyzed scope: __main__._FakeSignal.send
Successfully analyzed scope: __main__._FakeSignal._fail
✓
[18/21]   Analyzing: templating.py... Generate CFG for __main__
Analyzing 18 scopes in module __main__
Setting up unified analysis for 18 scopes
Planned analysis for 18 functions
Added class test.py:36:0:class with bases ['BaseEnvironment']
Added class test.py:49:0:class with bases ['BaseLoader']
Initialized analysis with 1 contexts
Initial worklist size: constraints=127, calls=54
Added call edge: [] --[test.py:135:0:call#0]--> [test.py:135:0:call#0]:__main__._render
Added call edge: [] --[test.py:150:0:call#0]--> [test.py:150:0:call#0]:__main__._render
Added call edge: [] --[test.py:172:9:call#0]--> [test.py:172:9:call#0]:__main__._stream.generate
Added call edge: [] --[test.py:181:0:call#0]--> [test.py:181:0:call#0]:__main__._stream
Added call edge: [] --[test.py:200:0:call#0]--> [test.py:200:0:call#0]:__main__._stream
Added call edge: [] --[test.py:172:9:call#0]--> [test.py:172:9:call#0]:__main__._stream.generate
Added call edge: [] --[test.py:172:9:call#0]--> [test.py:172:9:call#0]:__main__._stream.generate
Analysis converged after 2 iterations
Statistics: {'objects_created': 41, 'constraints_processed': 161, 'calls_processed': 72}
Successfully analyzed scope: __main__
Successfully analyzed scope: __main__._default_template_ctx_processor
Successfully analyzed scope: __main__.Environment
Successfully analyzed scope: __main__.DispatchingJinjaLoader
Successfully analyzed scope: __main__._render
Successfully analyzed scope: __main__.render_template
Successfully analyzed scope: __main__.render_template_string
Successfully analyzed scope: __main__._stream
Successfully analyzed scope: __main__.stream_template
Successfully analyzed scope: __main__.stream_template_string
Successfully analyzed scope: __main__.Environment.__init__
Successfully analyzed scope: __main__.DispatchingJinjaLoader.__init__
Successfully analyzed scope: __main__.DispatchingJinjaLoader.get_source
Successfully analyzed scope: __main__.DispatchingJinjaLoader._get_source_explained
Successfully analyzed scope: __main__.DispatchingJinjaLoader._get_source_fast
Successfully analyzed scope: __main__.DispatchingJinjaLoader._iter_loaders
Successfully analyzed scope: __main__.DispatchingJinjaLoader.list_templates
Successfully analyzed scope: __main__._stream.generate
✓
[19/21]   Analyzing: typing.py... Generate CFG for __main__
Analyzing 1 scopes in module __main__
Setting up unified analysis for 1 scopes
Planned analysis for 1 functions
Initialized analysis with 1 contexts
Initial worklist size: constraints=116, calls=1
Analysis converged after 1 iterations
Statistics: {'objects_created': 55, 'constraints_processed': 116, 'calls_processed': 1}
Successfully analyzed scope: __main__
✓
[20/21]   Analyzing: views.py... Generate CFG for __main__
Analyzing 7 scopes in module __main__
Setting up unified analysis for 7 scopes
Planned analysis for 7 functions
Added class test.py:13:0:class with bases []
Added class test.py:135:0:class with bases ['test.py:13:0:class']
Initialized analysis with 1 contexts
Initial worklist size: constraints=64, calls=23
Analysis converged after 2 iterations
Statistics: {'objects_created': 29, 'constraints_processed': 64, 'calls_processed': 23}
Successfully analyzed scope: __main__
Successfully analyzed scope: __main__.View
Successfully analyzed scope: __main__.MethodView
Successfully analyzed scope: __main__.View.dispatch_request
Successfully analyzed scope: __main__.View.as_view
Successfully analyzed scope: __main__.MethodView.__init_subclass__
Successfully analyzed scope: __main__.MethodView.dispatch_request
✓
[21/21]   Analyzing: wrappers.py... Generate CFG for __main__
Analyzing 10 scopes in module __main__
Setting up unified analysis for 10 scopes
Planned analysis for 10 functions
Added class test.py:15:0:class with bases ['RequestBase']
Added class test.py:136:0:class with bases ['ResponseBase']
Initialized analysis with 1 contexts
Initial worklist size: constraints=50, calls=8
Analysis converged after 2 iterations
Statistics: {'objects_created': 24, 'constraints_processed': 50, 'calls_processed': 8}
Successfully analyzed scope: __main__
Successfully analyzed scope: __main__.Request
Successfully analyzed scope: __main__.Response
Successfully analyzed scope: __main__.Request.max_content_length
Successfully analyzed scope: __main__.Request.endpoint
Successfully analyzed scope: __main__.Request.blueprint
Successfully analyzed scope: __main__.Request.blueprints
Successfully analyzed scope: __main__.Request._load_form_data
Successfully analyzed scope: __main__.Request.on_json_loading_failed
Successfully analyzed scope: __main__.Response.max_cookie_size
✓

======================================================================
ANALYSIS COMPLETE
======================================================================
Duration: 1.09 seconds
Modules analyzed: 21
Modules failed: 0
Success rate: 100.0%

Report saved to: /mnt/data_fast/code/PythonStAn/benchmark/reports/flask_analysis_report.json
Markdown report saved to: /mnt/data_fast/code/PythonStAn/benchmark/reports/flask_analysis_report.md
